<?xml version="1.0" encoding="UTF-8"?>
<!-- Generated by org.testng.reporters.JUnitXMLReporter -->
<testsuite ignored="0" hostname="DESKTOP-LOB3E67" failures="0" tests="7" name="Default test" time="0.167" errors="0" timestamp="2025-12-05T13:24:41 IST">
  <testcase classname="testNG.TestNG_K_CrossBrowsertesting" name="@BeforeTest openBrowser" time="-1.764921281063E9">
    <failure type="org.testng.TestNGException" message="
Parameter &amp;apos;browser&amp;apos; is required by BeforeTest on method openBrowser but has not been marked @Optional or defined
in C:\Users\Hp\AppData\Local\Temp\testng-eclipse--30548841\testng-customsuite.xml">
      <![CDATA[org.testng.TestNGException: 
Parameter 'browser' is required by BeforeTest on method openBrowser but has not been marked @Optional or defined
in C:\Users\Hp\AppData\Local\Temp\testng-eclipse--30548841\testng-customsuite.xml
at org.testng.internal.Parameters.createParams(Parameters.java:264)
at org.testng.internal.Parameters.createParametersForMethod(Parameters.java:352)
at org.testng.internal.Parameters.createParameters(Parameters.java:690)
at org.testng.internal.Parameters.createConfigurationParameters(Parameters.java:163)
at org.testng.internal.invokers.ConfigInvoker.invokeConfigurations(ConfigInvoker.java:313)
at org.testng.TestRunner.invokeTestConfigurations(TestRunner.java:657)
at org.testng.TestRunner.beforeRun(TestRunner.java:646)
at org.testng.TestRunner.run(TestRunner.java:612)
at org.testng.SuiteRunner.runTest(SuiteRunner.java:421)
at org.testng.SuiteRunner.runSequentially(SuiteRunner.java:413)
at org.testng.SuiteRunner.privateRun(SuiteRunner.java:373)
at org.testng.SuiteRunner.run(SuiteRunner.java:312)
at org.testng.SuiteRunnerWorker.runSuite(SuiteRunnerWorker.java:52)
at org.testng.SuiteRunnerWorker.run(SuiteRunnerWorker.java:95)
at org.testng.TestNG.runSuitesSequentially(TestNG.java:1274)
at org.testng.TestNG.runSuitesLocally(TestNG.java:1208)
at org.testng.TestNG.runSuites(TestNG.java:1112)
at org.testng.TestNG.run(TestNG.java:1079)
at org.testng.remote.AbstractRemoteTestNG.run(AbstractRemoteTestNG.java:115)
at org.testng.remote.RemoteTestNG.initAndRun(RemoteTestNG.java:293)
at org.testng.remote.RemoteTestNG.main(RemoteTestNG.java:91)
]]>
    </failure>
  </testcase> <!-- @BeforeTest openBrowser -->
  <testcase classname="testNG.TestNG_K_CrossBrowsertesting" name="facebook" time="0.0">
    <skipped/>
  </testcase> <!-- facebook -->
  <testcase classname="testNG.TestNG_K_CrossBrowsertesting" name="googleSelenium" time="0.0">
    <skipped/>
  </testcase> <!-- googleSelenium -->
  <testcase classname="testNG.TestNG_K_CrossBrowsertesting" name="googlesearch" time="0.001">
    <skipped/>
  </testcase> <!-- googlesearch -->
  <testcase classname="testNG.TestNG_K_CrossBrowsertesting" name="googletechlearn" time="0.001">
    <skipped/>
  </testcase> <!-- googletechlearn -->
  <testcase classname="testNG.TestNG_K_CrossBrowsertesting" name="googletest" time="0.001">
    <skipped/>
  </testcase> <!-- googletest -->
  <testcase classname="testNG.TestNG_K_CrossBrowsertesting" name="googletestBeng" time="0.0">
    <skipped/>
  </testcase> <!-- googletestBeng -->
  <testcase classname="testNG.TestNG_K_CrossBrowsertesting" name="selenium" time="0.0">
    <skipped/>
  </testcase> <!-- selenium -->
</testsuite> <!-- Default test -->
