<?xml version="1.0" encoding="UTF-8"?>
<!-- Generated by org.testng.reporters.JUnitXMLReporter -->
<testsuite ignored="3" hostname="DESKTOP-LOB3E67" failures="0" tests="3" name="Test" time="4.936" errors="0" timestamp="2025-11-17T11:49:24 IST">
  <testcase classname="testNG.TestNG_I_Order_By_Groups" name="facebook" time="1.082"/>
  <testcase classname="testNG.TestNG_I_Order_By_Groups" name="instagram" time="0.927"/>
  <testcase classname="testNG.TestNG_I_Order_By_Groups" name="whatsapp" time="1.052"/>
  <testcase classname="testNG.TestNG_I_Order_By_Groups" name="bing" time="0.0">
    <ignored/>
  </testcase> <!-- bing -->
  <testcase classname="testNG.TestNG_I_Order_By_Groups" name="google" time="0.0">
    <ignored/>
  </testcase> <!-- google -->
  <testcase classname="testNG.TestNG_I_Order_By_Groups" name="hp" time="0.0">
    <ignored/>
  </testcase> <!-- hp -->
</testsuite> <!-- Test -->
