<?xml version="1.0" encoding="UTF-8"?>
<!-- Generated by org.testng.reporters.JUnitReportReporter -->
<testsuite hostname="DESKTOP-LOB3E67" failures="0" tests="6" name="testNG.TestNG_A_AlphabeticalOrder" time="49.237" errors="0" timestamp="2025-11-14T12:51:22 IST" skipped="0">
  <testcase classname="testNG.TestNG_A_AlphabeticalOrder" name="amazon" time="2.431"/>
  <testcase classname="testNG.TestNG_A_AlphabeticalOrder" name="facebook" time="0.986"/>
  <testcase classname="testNG.TestNG_A_AlphabeticalOrder" name="selenium" time="0.728"/>
  <testcase classname="testNG.TestNG_A_AlphabeticalOrder" name="alibaba" time="43.856"/>
  <testcase classname="testNG.TestNG_A_AlphabeticalOrder" name="bing" time="0.478"/>
  <testcase classname="testNG.TestNG_A_AlphabeticalOrder" name="zomato" time="0.758"/>
</testsuite> <!-- testNG.TestNG_A_AlphabeticalOrder -->
