<?xml version="1.0" encoding="UTF-8"?>
<!-- Generated by org.testng.reporters.JUnitReportReporter -->
<testsuite hostname="DESKTOP-LOB3E67" failures="0" tests="2" name="testNG.TestNG_E_Depends_On_Method" time="12.670" errors="0" timestamp="2025-11-17T11:38:50 IST" skipped="0">
  <testcase classname="testNG.TestNG_E_Depends_On_Method" name="method1" time="7.423"/>
  <testcase classname="testNG.TestNG_E_Depends_On_Method" name="method2" time="5.247"/>
</testsuite> <!-- testNG.TestNG_E_Depends_On_Method -->
