<?xml version="1.0" encoding="UTF-8"?>
<!-- Generated by org.testng.reporters.JUnitReportReporter -->
<testsuite hostname="DESKTOP-LOB3E67" failures="0" tests="6" name="testNG.TestNG_B_Skip_Ignore_Enabledfalse" time="102.984" errors="0" timestamp="2025-11-14T18:56:39 IST" skipped="3">
  <testcase classname="testNG.TestNG_B_Skip_Ignore_Enabledfalse" name="google" time="1.155"/>
  <testcase classname="testNG.TestNG_B_Skip_Ignore_Enabledfalse" name="facebook" time="1.113"/>
  <testcase classname="testNG.TestNG_B_Skip_Ignore_Enabledfalse" name="zomato" time="100.716"/>
  <testcase classname="testNG.TestNG_B_Skip_Ignore_Enabledfalse" name="amazon">
    <skipped/>
  </testcase> <!-- amazon -->
  <testcase classname="testNG.TestNG_B_Skip_Ignore_Enabledfalse" name="alibaba">
    <skipped/>
  </testcase> <!-- alibaba -->
  <testcase classname="testNG.TestNG_B_Skip_Ignore_Enabledfalse" name="bing">
    <skipped/>
  </testcase> <!-- bing -->
</testsuite> <!-- testNG.TestNG_B_Skip_Ignore_Enabledfalse -->
