<?xml version="1.0" encoding="UTF-8"?>
<!-- Generated by org.testng.reporters.JUnitReportReporter -->
<testsuite hostname="DESKTOP-LOB3E67" failures="0" tests="7" name="testNG.TestNG_D_Description_Feature" time="16.533" errors="0" timestamp="2025-11-17T11:38:50 IST" skipped="0">
  <testcase classname="testNG.TestNG_D_Description_Feature" name="tc1" time="0.277"/>
  <testcase classname="testNG.TestNG_D_Description_Feature" name="tc5" time="4.538"/>
  <testcase classname="testNG.TestNG_D_Description_Feature" name="tc6" time="6.293"/>
  <testcase classname="testNG.TestNG_D_Description_Feature" name="tc3" time="0.736"/>
  <testcase classname="testNG.TestNG_D_Description_Feature" name="tc0" time="0.916"/>
  <testcase classname="testNG.TestNG_D_Description_Feature" name="tc2" time="1.389"/>
  <testcase classname="testNG.TestNG_D_Description_Feature" name="tc4" time="2.384"/>
</testsuite> <!-- testNG.TestNG_D_Description_Feature -->
