<?xml version="1.0" encoding="UTF-8"?>
<!-- Generated by org.testng.reporters.JUnitReportReporter -->
<testsuite hostname="DESKTOP-LOB3E67" failures="0" tests="6" name="testNG.TestNG_C_ExecutionOrder_By_Own_Priority" time="70.168" errors="0" timestamp="2025-11-14T18:59:53 IST" skipped="0">
  <testcase classname="testNG.TestNG_C_ExecutionOrder_By_Own_Priority" name="twitter" time="6.487"/>
  <testcase classname="testNG.TestNG_C_ExecutionOrder_By_Own_Priority" name="yahoo" time="37.943"/>
  <testcase classname="testNG.TestNG_C_ExecutionOrder_By_Own_Priority" name="bing" time="0.874"/>
  <testcase classname="testNG.TestNG_C_ExecutionOrder_By_Own_Priority" name="google" time="1.424"/>
  <testcase classname="testNG.TestNG_C_ExecutionOrder_By_Own_Priority" name="alibaba" time="22.673"/>
  <testcase classname="testNG.TestNG_C_ExecutionOrder_By_Own_Priority" name="zomato" time="0.767"/>
</testsuite> <!-- testNG.TestNG_C_ExecutionOrder_By_Own_Priority -->
