<?xml version="1.0" encoding="UTF-8"?>
<!-- Generated by org.testng.reporters.JUnitReportReporter -->
<testsuite hostname="DESKTOP-LOB3E67" failures="0" tests="3" name="testNG.TestNG_I_Order_By_Groups" time="3.061" errors="0" timestamp="2025-11-17T11:49:24 IST" skipped="0">
  <testcase classname="testNG.TestNG_I_Order_By_Groups" name="instagram" time="0.927"/>
  <testcase classname="testNG.TestNG_I_Order_By_Groups" name="whatsapp" time="1.052"/>
  <testcase classname="testNG.TestNG_I_Order_By_Groups" name="facebook" time="1.082"/>
</testsuite> <!-- testNG.TestNG_I_Order_By_Groups -->
