<?xml version="1.0" encoding="UTF-8"?>
<!-- Generated by org.testng.reporters.JUnitReportReporter -->
<testsuite hostname="DESKTOP-LOB3E67" failures="0" tests="6" name="testNG.TestNG_H_ExecutionOn_XML_File" time="8.447" errors="0" timestamp="2025-11-17T11:38:50 IST" skipped="0">
  <testcase classname="testNG.TestNG_H_ExecutionOn_XML_File" name="google" time="0.748"/>
  <testcase classname="testNG.TestNG_H_ExecutionOn_XML_File" name="whatsapp" time="0.895"/>
  <testcase classname="testNG.TestNG_H_ExecutionOn_XML_File" name="facebook" time="1.004"/>
  <testcase classname="testNG.TestNG_H_ExecutionOn_XML_File" name="gmail" time="1.501"/>
  <testcase classname="testNG.TestNG_H_ExecutionOn_XML_File" name="instagram" time="1.649"/>
  <testcase classname="testNG.TestNG_H_ExecutionOn_XML_File" name="yahoo" time="2.650"/>
</testsuite> <!-- testNG.TestNG_H_ExecutionOn_XML_File -->
