<?xml version="1.0" encoding="UTF-8"?>
<!-- Generated by org.testng.reporters.JUnitReportReporter -->
<testsuite hostname="DESKTOP-LOB3E67" failures="0" tests="3" name="selenium.Verify_Tab_Title" time="8.829" errors="0" timestamp="2025-11-24T15:08:17 IST" skipped="0">
  <testcase classname="selenium.Verify_Tab_Title" name="getTitle" time="3.488"/>
  <testcase classname="selenium.Verify_Tab_Title" name="getCurrentURl" time="4.621"/>
  <testcase classname="selenium.Verify_Tab_Title" name="getText" time="0.720"/>
</testsuite> <!-- selenium.Verify_Tab_Title -->
