<?xml version="1.0" encoding="UTF-8"?>
<!-- Generated by org.testng.reporters.JUnitReportReporter -->
<testsuite hostname="DESKTOP-LOB3E67" failures="0" tests="2" name="selenium.DropdownMethods_Using_Selenium" time="18.163" errors="0" timestamp="2025-11-19T18:52:24 IST" skipped="0">
  <testcase classname="selenium.DropdownMethods_Using_Selenium" name="dropdownmethod1" time="6.828"/>
  <testcase classname="selenium.DropdownMethods_Using_Selenium" name="dropdownmethod" time="11.335"/>
</testsuite> <!-- selenium.DropdownMethods_Using_Selenium -->
