<?xml version="1.0" encoding="UTF-8"?>
<!-- Generated by org.testng.reporters.JUnitReportReporter -->
<testsuite hostname="DESKTOP-LOB3E67" failures="0" tests="11" name="testNG.TestNG_G_invocationCount_Feature" time="58.648" errors="1" timestamp="2025-11-15T14:53:55 IST" skipped="0">
  <testcase classname="testNG.TestNG_G_invocationCount_Feature" name="testcase2" time="5.383"/>
  <testcase classname="testNG.TestNG_G_invocationCount_Feature" name="testcase2" time="5.319"/>
  <testcase classname="testNG.TestNG_G_invocationCount_Feature" name="testcase2" time="5.340"/>
  <testcase classname="testNG.TestNG_G_invocationCount_Feature" name="testcase2" time="5.379"/>
  <testcase classname="testNG.TestNG_G_invocationCount_Feature" name="testcase2" time="5.375"/>
  <testcase classname="testNG.TestNG_G_invocationCount_Feature" name="testcase2" time="5.389"/>
  <testcase classname="testNG.TestNG_G_invocationCount_Feature" name="testcase2" time="5.324"/>
  <testcase classname="testNG.TestNG_G_invocationCount_Feature" name="testcase2" time="5.364"/>
  <testcase classname="testNG.TestNG_G_invocationCount_Feature" name="testcase2" time="7.241"/>
  <testcase classname="testNG.TestNG_G_invocationCount_Feature" name="testcase2" time="5.444"/>
  <testcase classname="testNG.TestNG_G_invocationCount_Feature" name="testcase1" time="3.090">
    <error message="Method testNG.TestNG_G_invocationCount_Feature.testcase1() didn&#039;t finish within the time-out 3000" type="org.testng.internal.thread.ThreadTimeoutException">
      <![CDATA[org.testng.internal.thread.ThreadTimeoutException: Method testNG.TestNG_G_invocationCount_Feature.testcase1() didn't finish within the time-out 3000
at java.base/jdk.internal.misc.Unsafe.park(Native Method)
at java.base/java.util.concurrent.locks.LockSupport.park(LockSupport.java:221)
at java.base/java.util.concurrent.CompletableFuture$Signaller.block(CompletableFuture.java:1864)
at java.base/java.util.concurrent.ForkJoinPool.unmanagedBlock(ForkJoinPool.java:3780)
at java.base/java.util.concurrent.ForkJoinPool.managedBlock(ForkJoinPool.java:3725)
at java.base/java.util.concurrent.CompletableFuture.waitingGet(CompletableFuture.java:1898)
at java.base/java.util.concurrent.CompletableFuture.get(CompletableFuture.java:2072)
at org.openqa.selenium.remote.http.jdk.JdkHttpClient.execute(JdkHttpClient.java:416)
at org.openqa.selenium.remote.HttpCommandExecutor.execute(HttpCommandExecutor.java:212)
at org.openqa.selenium.remote.service.DriverCommandExecutor.invokeExecute(DriverCommandExecutor.java:216)
at org.openqa.selenium.remote.service.DriverCommandExecutor.execute(DriverCommandExecutor.java:174)
at org.openqa.selenium.remote.RemoteWebDriver.execute(RemoteWebDriver.java:557)
at org.openqa.selenium.remote.RemoteWebDriver.get(RemoteWebDriver.java:325)
at testNG.TestNG_G_invocationCount_Feature.testcase1(TestNG_G_invocationCount_Feature.java:16)
at java.base/jdk.internal.reflect.DirectMethodHandleAccessor.invoke(DirectMethodHandleAccessor.java:103)
at java.base/java.lang.reflect.Method.invoke(Method.java:580)
at org.testng.internal.invokers.MethodInvocationHelper.invokeMethod(MethodInvocationHelper.java:141)
at org.testng.internal.invokers.InvokeMethodRunnable.runOne(InvokeMethodRunnable.java:47)
at org.testng.internal.invokers.InvokeMethodRunnable.call(InvokeMethodRunnable.java:76)
at org.testng.internal.invokers.InvokeMethodRunnable.call(InvokeMethodRunnable.java:11)
at java.base/java.util.concurrent.FutureTask.run(FutureTask.java:317)
at java.base/java.util.concurrent.ThreadPoolExecutor.runWorker(ThreadPoolExecutor.java:1144)
at java.base/java.util.concurrent.ThreadPoolExecutor$Worker.run(ThreadPoolExecutor.java:642)
at java.base/java.lang.Thread.run(Thread.java:1583)
]]>
    </error>
  </testcase> <!-- testcase1 -->
</testsuite> <!-- testNG.TestNG_G_invocationCount_Feature -->
